<?xml version="1.0" encoding="UTF-8"?>
<testng-results skipped="0" failed="0" total="1" passed="1">
  <reporter-output>
  </reporter-output>
  <suite name="Default suite" duration-ms="56100" started-at="2019-02-12T11:16:11Z" finished-at="2019-02-12T11:17:07Z">
    <groups>
    </groups>
    <test name="Default test" duration-ms="56100" started-at="2019-02-12T11:16:11Z" finished-at="2019-02-12T11:17:07Z">
      <class name="Login.LoginTest">
        <test-method status="PASS" signature="beforeTest()[pri:0, instance:Login.LoginTest@4678c730]" name="beforeTest" is-config="true" duration-ms="4445" started-at="2019-02-12T16:46:11Z" finished-at="2019-02-12T16:46:15Z">
          <reporter-output>
          </reporter-output>
        </test-method> <!-- beforeTest -->
        <test-method status="PASS" signature="testEasy()[pri:0, instance:Login.LoginTest@4678c730]" name="testEasy" duration-ms="50399" started-at="2019-02-12T16:46:15Z" finished-at="2019-02-12T16:47:05Z">
          <reporter-output>
          </reporter-output>
        </test-method> <!-- testEasy -->
        <test-method status="PASS" signature="afterTest()[pri:0, instance:Login.LoginTest@4678c730]" name="afterTest" is-config="true" duration-ms="1237" started-at="2019-02-12T16:47:05Z" finished-at="2019-02-12T16:47:07Z">
          <reporter-output>
          </reporter-output>
        </test-method> <!-- afterTest -->
      </class> <!-- Login.LoginTest -->
    </test> <!-- Default test -->
  </suite> <!-- Default suite -->
</testng-results>
