<?xml version="1.0" encoding="UTF-8"?>
<testng-results skipped="0" failed="0" total="1" passed="1">
  <reporter-output>
  </reporter-output>
  <suite name="JenkinMavenProject" duration-ms="49430" started-at="2019-02-12T12:06:09Z" finished-at="2019-02-12T12:06:59Z">
    <groups>
    </groups>
    <test name="Login" duration-ms="49430" started-at="2019-02-12T12:06:09Z" finished-at="2019-02-12T12:06:59Z">
      <class name="Login.LoginTest">
        <test-method status="PASS" signature="beforeTest()[pri:0, instance:Login.LoginTest@6615435c]" name="beforeTest" is-config="true" duration-ms="3598" started-at="2019-02-12T17:36:09Z" finished-at="2019-02-12T17:36:13Z">
          <reporter-output>
          </reporter-output>
        </test-method> <!-- beforeTest -->
        <test-method status="PASS" signature="testEasy()[pri:0, instance:Login.LoginTest@6615435c]" name="testEasy" duration-ms="44631" started-at="2019-02-12T17:36:13Z" finished-at="2019-02-12T17:36:57Z">
          <reporter-output>
          </reporter-output>
        </test-method> <!-- testEasy -->
        <test-method status="PASS" signature="afterTest()[pri:0, instance:Login.LoginTest@6615435c]" name="afterTest" is-config="true" duration-ms="1190" started-at="2019-02-12T17:36:57Z" finished-at="2019-02-12T17:36:59Z">
          <reporter-output>
          </reporter-output>
        </test-method> <!-- afterTest -->
      </class> <!-- Login.LoginTest -->
    </test> <!-- Login -->
  </suite> <!-- JenkinMavenProject -->
</testng-results>
